<?xml version="1.0" encoding="UTF-8"?>
<!-- Generated by org.testng.reporters.JUnitXMLReporter -->
<testsuite ignored="0" hostname="DESKTOP-H0PI4DT" failures="0" tests="4" name="Test" time="49.075" errors="0" timestamp="2023-03-28T15:49:20 IST">
  <testcase classname="recap.CalculatorApp" name="verifyAddTest" time="8.63"/>
  <testcase classname="recap.CalculatorApp" name="verifyDivTest" time="9.005"/>
  <testcase classname="recap.CalculatorApp" name="verifyMulTest" time="7.262"/>
  <testcase classname="recap.CalculatorApp" name="verifySubTest" time="7.788"/>
</testsuite> <!-- Test -->
